{
  "RSpec": {
    "coverage": {
      "/home/jader/workspace/linkedList/app/linked_list.rb": {
        "lines": [
          null,
          null,
          1,
          1,
          null,
          null,
          1,
          1,
          10,
          null,
          null,
          1,
          19,
          null,
          14,
          null,
          null,
          1,
          32,
          24,
          null,
          8,
          null,
          null,
          null,
          1,
          25,
          25,
          null,
          19,
          null,
          null,
          1,
          1,
          1,
          6,
          4,
          null,
          null,
          null,
          1,
          1,
          1,
          1,
          1,
          5,
          5,
          5,
          5,
          null,
          1,
          null,
          null,
          1,
          13,
          null,
          11,
          11,
          11,
          11,
          null,
          11,
          null,
          null,
          1,
          3,
          1,
          null,
          2,
          2,
          2,
          4,
          4,
          null,
          null,
          3,
          null,
          null
        ]
      },
      "/home/jader/workspace/linkedList/app/node.rb": {
        "lines": [
          1,
          1,
          1,
          null,
          1,
          34,
          34,
          null,
          null,
          1,
          5,
          null,
          null
        ]
      },
      "/home/jader/workspace/linkedList/spec/node_spec.rb": {
        "lines": [
          1,
          1,
          null,
          1,
          1,
          1,
          2,
          2,
          null,
          null,
          1,
          1,
          null,
          null,
          1,
          1,
          null,
          null,
          null
        ]
      }
    },
    "timestamp": 1706237529
  }
}
