{
  "RSpec": {
    "coverage": {
      "/home/jader/workspace/linkedList/app/linked_list.rb": {
        "lines": [
          null,
          null,
          1,
          null,
          null,
          1,
          null,
          1,
          null,
          1,
          15,
          null,
          null,
          1,
          19,
          null,
          14,
          null,
          null,
          1,
          47,
          36,
          null,
          11,
          null,
          null,
          null,
          1,
          37,
          37,
          null,
          86,
          58,
          null,
          null,
          null,
          1,
          1,
          1,
          6,
          4,
          null,
          null,
          null,
          1,
          3,
          null,
          1,
          1,
          1,
          5,
          5,
          5,
          5,
          null,
          1,
          null,
          null,
          1,
          13,
          null,
          11,
          11,
          11,
          11,
          null,
          11,
          null,
          null,
          1,
          3,
          null,
          2,
          2,
          2,
          4,
          4,
          null,
          2,
          null,
          null
        ]
      },
      "/home/jader/workspace/linkedList/app/node.rb": {
        "lines": [
          null,
          null,
          null,
          1,
          1,
          1,
          null,
          1,
          49,
          49,
          null,
          null,
          1,
          5,
          null,
          null
        ]
      },
      "/home/jader/workspace/linkedList/spec/linked_list_create_push_spec.rb": {
        "lines": [
          null,
          null,
          1,
          1,
          null,
          1,
          1,
          3,
          3,
          null,
          null,
          1,
          1,
          1,
          1,
          null,
          null,
          null,
          1,
          1,
          1,
          1,
          null,
          null,
          1,
          1,
          1,
          null,
          1,
          null,
          1,
          null,
          null,
          null
        ]
      },
      "/home/jader/workspace/linkedList/spec/linked_list_multiple_item_spec.rb": {
        "lines": [
          null,
          null,
          1,
          1,
          null,
          1,
          1,
          3,
          3,
          null,
          1,
          1,
          6,
          1,
          null,
          null,
          1,
          6,
          1,
          null,
          null,
          1,
          6,
          1,
          null,
          null,
          null
        ]
      },
      "/home/jader/workspace/linkedList/spec/linked_list_reversion_spec.rb": {
        "lines": [
          null,
          null,
          1,
          1,
          null,
          1,
          1,
          2,
          2,
          12,
          2,
          null,
          null,
          1,
          1,
          1,
          1,
          null,
          1,
          5,
          5,
          null,
          null,
          1,
          null,
          null,
          1,
          1,
          1,
          null,
          null,
          null
        ]
      },
      "/home/jader/workspace/linkedList/spec/linked_list_utils_spec.rb": {
        "lines": [
          null,
          null,
          1,
          1,
          1,
          null,
          1,
          1,
          2,
          2,
          12,
          2,
          null,
          null,
          1,
          1,
          1,
          1,
          null,
          1,
          1,
          4,
          4,
          null,
          null,
          1,
          null,
          null,
          1,
          1,
          1,
          null,
          null,
          null
        ]
      },
      "/home/jader/workspace/linkedList/app/linked_list_utils.rb": {
        "lines": [
          null,
          null,
          1,
          null,
          null,
          1,
          1,
          1,
          null,
          1,
          1,
          1,
          5,
          5,
          5,
          5,
          null,
          1,
          null,
          null
        ]
      },
      "/home/jader/workspace/linkedList/spec/node_spec.rb": {
        "lines": [
          null,
          null,
          1,
          1,
          null,
          1,
          1,
          1,
          2,
          2,
          null,
          null,
          1,
          1,
          null,
          null,
          1,
          1,
          null,
          null,
          null
        ]
      }
    },
    "timestamp": 1706243135
  }
}
